#
# There is insufficient memory for the Java Runtime Environment to continue.
# Native memory allocation (mmap) failed to map 288882688 bytes for committing reserved memory.
# Possible reasons:
#   The system is out of physical RAM or swap space
#   In 32 bit mode, the process size limit was hit
# Possible solutions:
#   Reduce memory load on the system
#   Increase physical memory or swap space
#   Check if swap backing store is full
#   Use 64 bit Java on a 64 bit OS
#   Decrease Java heap size (-Xmx/-Xms)
#   Decrease number of Java threads
#   Decrease Java thread stack sizes (-Xss)
#   Set larger code cache with -XX:ReservedCodeCacheSize=
# This output file may be truncated or incomplete.
#
#  Out of Memory Error (os_linux.cpp:2627), pid=10603, tid=140086026147584
#
# JRE version: Java(TM) SE Runtime Environment (8.0_60-b27) (build 1.8.0_60-b27)
# Java VM: Java HotSpot(TM) 64-Bit Server VM (25.60-b23 mixed mode linux-amd64 compressed oops)
# Failed to write core dump. Core dumps have been disabled. To enable core dumping, try "ulimit -c unlimited" before starting Java again
#

---------------  T H R E A D  ---------------

Current thread (0x00007f686807a000):  VMThread [stack: 0x00007f6851c39000,0x00007f6851d3a000] [id=10619]

Stack: [0x00007f6851c39000,0x00007f6851d3a000],  sp=0x00007f6851d37fa0,  free space=1019k
Native frames: (J=compiled Java code, j=interpreted, Vv=VM code, C=native code)
V  [libjvm.so+0xab97ea]  VMError::report_and_die()+0x2ba
V  [libjvm.so+0x4f9dab]  report_vm_out_of_memory(char const*, int, unsigned long, VMErrorType, char const*)+0x8b
V  [libjvm.so+0x91a7c3]  os::Linux::commit_memory_impl(char*, unsigned long, bool)+0x103
V  [libjvm.so+0x91ad19]  os::pd_commit_memory(char*, unsigned long, unsigned long, bool)+0x29
V  [libjvm.so+0x91502a]  os::commit_memory(char*, unsigned long, unsigned long, bool)+0x2a
V  [libjvm.so+0x9886d3]  PSVirtualSpace::expand_by(unsigned long)+0x53
V  [libjvm.so+0x989ad8]  PSYoungGen::resize_generation(unsigned long, unsigned long)+0xf8
V  [libjvm.so+0x988c32]  PSYoungGen::resize(unsigned long, unsigned long)+0x22
V  [libjvm.so+0x985f0b]  PSScavenge::invoke_no_policy()+0xf3b
V  [libjvm.so+0x986691]  PSScavenge::invoke()+0x41
V  [libjvm.so+0x93e430]  ParallelScavengeHeap::failed_mem_allocate(unsigned long)+0x70
V  [libjvm.so+0xabb207]  VM_ParallelGCFailedAllocation::doit()+0x97
V  [libjvm.so+0xac2c35]  VM_Operation::evaluate()+0x55
V  [libjvm.so+0xac100a]  VMThread::evaluate_operation(VM_Operation*)+0xba
V  [libjvm.so+0xac138e]  VMThread::loop()+0x1ce
V  [libjvm.so+0xac1800]  VMThread::run()+0x70
V  [libjvm.so+0x91cb88]  java_start(Thread*)+0x108

VM_Operation (0x00007f684a72ca90): ParallelGCFailedAllocation, mode: safepoint, requested by thread 0x00007f67f0005000


---------------  P R O C E S S  ---------------

Java Threads: ( => current thread )
  0x00007f67f55db800 JavaThread "Hibernate Search sync consumer thread for index test.y.model.Post" daemon [_thread_blocked, id=10648, stack(0x00007f6848164000,0x00007f6848265000)]
  0x00007f67f55d9800 JavaThread "pool-3-thread-1" daemon [_thread_blocked, id=10646, stack(0x00007f6848265000,0x00007f6848366000)]
  0x00007f67f55d8800 JavaThread "cluster-ClusterId{value='59084c944858a6296b87b8c2', description='null'}-localhost:27017" daemon [_thread_blocked, id=10644, stack(0x00007f684856c000,0x00007f684866d000)]
  0x00007f67f5046000 JavaThread "Hibernate Search sync consumer thread for index test.y.model.Post" daemon [_thread_blocked, id=10642, stack(0x00007f6848a6d000,0x00007f6848b6e000)]
  0x00007f67f46e5800 JavaThread "pool-2-thread-1" daemon [_thread_blocked, id=10639, stack(0x00007f684936e000,0x00007f684946f000)]
  0x00007f67f46e4000 JavaThread "cluster-ClusterId{value='59084c924858a6296b87b8c1', description='null'}-localhost:27017" daemon [_thread_blocked, id=10638, stack(0x00007f684946f000,0x00007f6849570000)]
  0x00007f67f0005000 JavaThread "localhost-startStop-1" daemon [_thread_blocked, id=10637, stack(0x00007f684a62e000,0x00007f684a72f000)]
  0x00007f68685cd800 JavaThread "Catalina-startStop-1" daemon [_thread_blocked, id=10636, stack(0x00007f684a72f000,0x00007f684a830000)]
  0x00007f686855b800 JavaThread "GC Daemon" daemon [_thread_blocked, id=10634, stack(0x00007f684ac7d000,0x00007f684ad7e000)]
  0x00007f6868254000 JavaThread "RMI TCP Accept-0" daemon [_thread_in_native, id=10632, stack(0x00007f684b07f000,0x00007f684b180000)]
  0x00007f6868244800 JavaThread "RMI TCP Accept-8999" daemon [_thread_in_native, id=10631, stack(0x00007f684b180000,0x00007f684b281000)]
  0x00007f6868233000 JavaThread "RMI TCP Accept-0" daemon [_thread_in_native, id=10630, stack(0x00007f684b281000,0x00007f684b382000)]
  0x00007f68680da800 JavaThread "Service Thread" daemon [_thread_blocked, id=10628, stack(0x00007f685112c000,0x00007f685122d000)]
  0x00007f68680cd000 JavaThread "C1 CompilerThread2" daemon [_thread_blocked, id=10627, stack(0x00007f685122d000,0x00007f685132e000)]
  0x00007f68680cb000 JavaThread "C2 CompilerThread1" daemon [_thread_blocked, id=10626, stack(0x00007f685132e000,0x00007f685142f000)]
  0x00007f68680c8000 JavaThread "C2 CompilerThread0" daemon [_thread_blocked, id=10625, stack(0x00007f685142f000,0x00007f6851530000)]
  0x00007f68680c5800 JavaThread "JDWP Event Helper Thread" daemon [_thread_blocked, id=10624, stack(0x00007f6851530000,0x00007f6851631000)]
  0x00007f68680c2000 JavaThread "JDWP Transport Listener: dt_socket" daemon [_thread_in_native, id=10623, stack(0x00007f6851631000,0x00007f6851732000)]
  0x00007f68680b6000 JavaThread "Signal Dispatcher" daemon [_thread_blocked, id=10622, stack(0x00007f6851936000,0x00007f6851a37000)]
  0x00007f6868081800 JavaThread "Finalizer" daemon [_thread_blocked, id=10621, stack(0x00007f6851a37000,0x00007f6851b38000)]
  0x00007f686807f000 JavaThread "Reference Handler" daemon [_thread_blocked, id=10620, stack(0x00007f6851b38000,0x00007f6851c39000)]
  0x00007f686800c000 JavaThread "main" [_thread_blocked, id=10614, stack(0x00007f68712a6000,0x00007f68713a7000)]

Other Threads:
=>0x00007f686807a000 VMThread [stack: 0x00007f6851c39000,0x00007f6851d3a000] [id=10619]
  0x00007f6868259000 WatcherThread [stack: 0x00007f684af7e000,0x00007f684b07f000] [id=10633]

VM state:at safepoint (normal execution)

VM Mutex/Monitor currently owned by a thread:  ([mutex/lock_event])
[0x00007f68680093f0] Threads_lock - owner thread: 0x00007f686807a000
[0x00007f68680098f0] Heap_lock - owner thread: 0x00007f67f0005000

Heap:
 PSYoungGen      total 519680K, used 46585K [0x0000000780000000, 0x00000007a3d80000, 0x00000007c0000000)
  eden space 473088K, 0% used [0x0000000780000000,0x0000000780000000,0x000000079ce00000)
  from space 46592K, 99% used [0x000000079e280000,0x00000007a0ffe758,0x00000007a1000000)
  to   space 15360K, 0% used [0x00000007a2e80000,0x00000007a2e80000,0x00000007a3d80000)
 ParOldGen       total 349696K, used 53614K [0x0000000700000000, 0x0000000715580000, 0x0000000780000000)
  object space 349696K, 15% used [0x0000000700000000,0x000000070345b888,0x0000000715580000)
 Metaspace       used 45238K, capacity 45708K, committed 46080K, reserved 1089536K
  class space    used 5722K, capacity 5852K, committed 5888K, reserved 1048576K

Card table byte_map: [0x00007f686dc6c000,0x00007f686e26d000] byte_map_base: 0x00007f686a46c000

Marking Bits: (ParMarkBitMap*) 0x00007f687078bde0
 Begin Bits: [0x00007f6836000000, 0x00007f6839000000)
 End Bits:   [0x00007f6839000000, 0x00007f683c000000)

Polling page: 0x00007f68713cb000

CodeCache: size=245760Kb used=13952Kb max_used=13964Kb free=231807Kb
 bounds [0x00007f6852946000, 0x00007f6853706000, 0x00007f6861946000]
 total_blobs=3868 nmethods=3376 adapters=412
 compilation: enabled

Compilation events (10 events):
Event: 10.038 Thread 0x00007f68680cd000 3954       1       org.apache.catalina.deploy.WebXml::getWelcomeFiles (5 bytes)
Event: 10.038 Thread 0x00007f68680cd000 nmethod 3954 0x00007f68536a3d50 code [0x00007f68536a3ea0, 0x00007f68536a3fb0]
Event: 10.090 Thread 0x00007f68680cd000 3955       3       org.apache.catalina.deploy.WebXml::<init> (394 bytes)
Event: 10.092 Thread 0x00007f68680cd000 nmethod 3955 0x00007f68536f68d0 code [0x00007f68536f6f40, 0x00007f68536fb2a8]
Event: 10.116 Thread 0x00007f68680cb000 3956       4       java.util.HashSet::iterator (13 bytes)
Event: 10.121 Thread 0x00007f68680cb000 nmethod 3956 0x00007f685369bf50 code [0x00007f685369c100, 0x00007f685369c7d8]
Event: 10.219 Thread 0x00007f68680c8000 3957       4       sun.misc.URLClassPath::findResource (47 bytes)
Event: 10.223 Thread 0x00007f68680c8000 nmethod 3957 0x00007f6853656e90 code [0x00007f6853657020, 0x00007f6853657790]
Event: 10.238 Thread 0x00007f68680cb000 3958       4       java.util.LinkedHashMap$LinkedKeyIterator::next (8 bytes)
Event: 10.239 Thread 0x00007f68680cb000 nmethod 3958 0x00007f685369cf90 code [0x00007f685369d0e0, 0x00007f685369d1f8]

GC Heap History (10 events):
Event: 3.820 GC heap after
Heap after GC invocations=4 (full 0):
 PSYoungGen      total 284672K, used 21489K [0x0000000780000000, 0x0000000792b00000, 0x00000007c0000000)
  eden space 263168K, 0% used [0x0000000780000000,0x0000000780000000,0x0000000790100000)
  from space 21504K, 99% used [0x0000000791600000,0x0000000792afc4d0,0x0000000792b00000)
  to   space 21504K, 0% used [0x0000000790100000,0x0000000790100000,0x0000000791600000)
 ParOldGen       total 349696K, used 37464K [0x0000000700000000, 0x0000000715580000, 0x0000000780000000)
  object space 349696K, 10% used [0x0000000700000000,0x0000000702496008,0x0000000715580000)
 Metaspace       used 15129K, capacity 15410K, committed 15616K, reserved 1062912K
  class space    used 1635K, capacity 1726K, committed 1792K, reserved 1048576K
}
Event: 4.662 GC heap before
{Heap before GC invocations=5 (full 0):
 PSYoungGen      total 284672K, used 165544K [0x0000000780000000, 0x0000000792b00000, 0x00000007c0000000)
  eden space 263168K, 54% used [0x0000000780000000,0x0000000788cadea8,0x0000000790100000)
  from space 21504K, 99% used [0x0000000791600000,0x0000000792afc4d0,0x0000000792b00000)
  to   space 21504K, 0% used [0x0000000790100000,0x0000000790100000,0x0000000791600000)
 ParOldGen       total 349696K, used 37464K [0x0000000700000000, 0x0000000715580000, 0x0000000780000000)
  object space 349696K, 10% used [0x0000000700000000,0x0000000702496008,0x0000000715580000)
 Metaspace       used 20903K, capacity 21122K, committed 21248K, reserved 1069056K
  class space    used 2394K, capacity 2500K, committed 2560K, reserved 1048576K
Event: 4.680 GC heap after
Heap after GC invocations=5 (full 0):
 PSYoungGen      total 284672K, used 21472K [0x0000000780000000, 0x00000007a5b00000, 0x00000007c0000000)
  eden space 263168K, 0% used [0x0000000780000000,0x0000000780000000,0x0000000790100000)
  from space 21504K, 99% used [0x0000000790100000,0x00000007915f8248,0x0000000791600000)
  to   space 45568K, 0% used [0x00000007a2e80000,0x00000007a2e80000,0x00000007a5b00000)
 ParOldGen       total 349696K, used 47716K [0x0000000700000000, 0x0000000715580000, 0x0000000780000000)
  object space 349696K, 13% used [0x0000000700000000,0x0000000702e992f0,0x0000000715580000)
 Metaspace       used 20903K, capacity 21122K, committed 21248K, reserved 1069056K
  class space    used 2394K, capacity 2500K, committed 2560K, reserved 1048576K
}
Event: 4.680 GC heap before
{Heap before GC invocations=6 (full 1):
 PSYoungGen      total 284672K, used 21472K [0x0000000780000000, 0x00000007a5b00000, 0x00000007c0000000)
  eden space 263168K, 0% used [0x0000000780000000,0x0000000780000000,0x0000000790100000)
  from space 21504K, 99% used [0x0000000790100000,0x00000007915f8248,0x0000000791600000)
  to   space 45568K, 0% used [0x00000007a2e80000,0x00000007a2e80000,0x00000007a5b00000)
 ParOldGen       total 349696K, used 47716K [0x0000000700000000, 0x0000000715580000, 0x0000000780000000)
  object space 349696K, 13% used [0x0000000700000000,0x0000000702e992f0,0x0000000715580000)
 Metaspace       used 20903K, capacity 21122K, committed 21248K, reserved 1069056K
  class space    used 2394K, capacity 2500K, committed 2560K, reserved 1048576K
Event: 4.713 GC heap after
Heap after GC invocations=6 (full 1):
 PSYoungGen      total 284672K, used 0K [0x0000000780000000, 0x00000007a5b00000, 0x00000007c0000000)
  eden space 263168K, 0% used [0x0000000780000000,0x0000000780000000,0x0000000790100000)
  from space 21504K, 0% used [0x0000000790100000,0x0000000790100000,0x0000000791600000)
  to   space 45568K, 0% used [0x00000007a2e80000,0x00000007a2e80000,0x00000007a5b00000)
 ParOldGen       total 349696K, used 30250K [0x0000000700000000, 0x0000000715580000, 0x0000000780000000)
  object space 349696K, 8% used [0x0000000700000000,0x0000000701d8aab8,0x0000000715580000)
 Metaspace       used 20903K, capacity 21122K, committed 21248K, reserved 1069056K
  class space    used 2394K, capacity 2500K, committed 2560K, reserved 1048576K
}
Event: 6.240 GC heap before
{Heap before GC invocations=7 (full 1):
 PSYoungGen      total 284672K, used 140997K [0x0000000780000000, 0x00000007a5b00000, 0x00000007c0000000)
  eden space 263168K, 53% used [0x0000000780000000,0x00000007889b15a8,0x0000000790100000)
  from space 21504K, 0% used [0x0000000790100000,0x0000000790100000,0x0000000791600000)
  to   space 45568K, 0% used [0x00000007a2e80000,0x00000007a2e80000,0x00000007a5b00000)
 ParOldGen       total 349696K, used 30250K [0x0000000700000000, 0x0000000715580000, 0x0000000780000000)
  object space 349696K, 8% used [0x0000000700000000,0x0000000701d8aab8,0x0000000715580000)
 Metaspace       used 34916K, capacity 35244K, committed 35416K, reserved 1081344K
  class space    used 4427K, capacity 4570K, committed 4608K, reserved 1048576K
Event: 6.258 GC heap after
Heap after GC invocations=7 (full 1):
 PSYoungGen      total 488448K, used 15268K [0x0000000780000000, 0x00000007a3d80000, 0x00000007c0000000)
  eden space 473088K, 0% used [0x0000000780000000,0x0000000780000000,0x000000079ce00000)
  from space 15360K, 99% used [0x00000007a2e80000,0x00000007a3d69008,0x00000007a3d80000)
  to   space 46592K, 0% used [0x000000079e280000,0x000000079e280000,0x00000007a1000000)
 ParOldGen       total 349696K, used 30258K [0x0000000700000000, 0x0000000715580000, 0x0000000780000000)
  object space 349696K, 8% used [0x0000000700000000,0x0000000701d8cab8,0x0000000715580000)
 Metaspace       used 34916K, capacity 35244K, committed 35416K, reserved 1081344K
  class space    used 4427K, capacity 4570K, committed 4608K, reserved 1048576K
}
Event: 6.258 GC heap before
{Heap before GC invocations=8 (full 2):
 PSYoungGen      total 488448K, used 15268K [0x0000000780000000, 0x00000007a3d80000, 0x00000007c0000000)
  eden space 473088K, 0% used [0x0000000780000000,0x0000000780000000,0x000000079ce00000)
  from space 15360K, 99% used [0x00000007a2e80000,0x00000007a3d69008,0x00000007a3d80000)
  to   space 46592K, 0% used [0x000000079e280000,0x000000079e280000,0x00000007a1000000)
 ParOldGen       total 349696K, used 30258K [0x0000000700000000, 0x0000000715580000, 0x0000000780000000)
  object space 349696K, 8% used [0x0000000700000000,0x0000000701d8cab8,0x0000000715580000)
 Metaspace       used 34916K, capacity 35244K, committed 35416K, reserved 1081344K
  class space    used 4427K, capacity 4570K, committed 4608K, reserved 1048576K
Event: 6.302 GC heap after
Heap after GC invocations=8 (full 2):
 PSYoungGen      total 488448K, used 0K [0x0000000780000000, 0x00000007a3d80000, 0x00000007c0000000)
  eden space 473088K, 0% used [0x0000000780000000,0x0000000780000000,0x000000079ce00000)
  from space 15360K, 0% used [0x00000007a2e80000,0x00000007a2e80000,0x00000007a3d80000)
  to   space 46592K, 0% used [0x000000079e280000,0x000000079e280000,0x00000007a1000000)
 ParOldGen       total 349696K, used 29998K [0x0000000700000000, 0x0000000715580000, 0x0000000780000000)
  object space 349696K, 8% used [0x0000000700000000,0x0000000701d4b858,0x0000000715580000)
 Metaspace       used 34916K, capacity 35244K, committed 35416K, reserved 1081344K
  class space    used 4427K, capacity 4570K, committed 4608K, reserved 1048576K
}
Event: 10.494 GC heap before
{Heap before GC invocations=9 (full 2):
 PSYoungGen      total 488448K, used 473088K [0x0000000780000000, 0x00000007a3d80000, 0x00000007c0000000)
  eden space 473088K, 100% used [0x0000000780000000,0x000000079ce00000,0x000000079ce00000)
  from space 15360K, 0% used [0x00000007a2e80000,0x00000007a2e80000,0x00000007a3d80000)
  to   space 46592K, 0% used [0x000000079e280000,0x000000079e280000,0x00000007a1000000)
 ParOldGen       total 349696K, used 29998K [0x0000000700000000, 0x0000000715580000, 0x0000000780000000)
  object space 349696K, 8% used [0x0000000700000000,0x0000000701d4b858,0x0000000715580000)
 Metaspace       used 45238K, capacity 45708K, committed 46080K, reserved 1089536K
  class space    used 5722K, capacity 5852K, committed 5888K, reserved 1048576K

Deoptimization events (10 events):
Event: 7.935 Thread 0x00007f67f0005000 Uncommon trap: reason=unstable_if action=reinterpret pc=0x00007f6852b4a0b8 method=org.springframework.util.ObjectUtils.nullSafeEquals(Ljava/lang/Object;Ljava/lang/Object;)Z @ 12
Event: 8.131 Thread 0x00007f67f0005000 Uncommon trap: reason=class_check action=maybe_recompile pc=0x00007f6852ef36a8 method=java.text.MessageFormat.subformat([Ljava/lang/Object;Ljava/lang/StringBuffer;Ljava/text/FieldPosition;Ljava/util/List;)Ljava/lang/StringBuffer; @ 234
Event: 8.132 Thread 0x00007f67f0005000 Uncommon trap: reason=class_check action=maybe_recompile pc=0x00007f6852ef36a8 method=java.text.MessageFormat.subformat([Ljava/lang/Object;Ljava/lang/StringBuffer;Ljava/text/FieldPosition;Ljava/util/List;)Ljava/lang/StringBuffer; @ 234
Event: 8.147 Thread 0x00007f67f0005000 Uncommon trap: reason=class_check action=maybe_recompile pc=0x00007f6852ef36a8 method=java.text.MessageFormat.subformat([Ljava/lang/Object;Ljava/lang/StringBuffer;Ljava/text/FieldPosition;Ljava/util/List;)Ljava/lang/StringBuffer; @ 234
Event: 8.148 Thread 0x00007f67f0005000 Uncommon trap: reason=class_check action=maybe_recompile pc=0x00007f6852ef36a8 method=java.text.MessageFormat.subformat([Ljava/lang/Object;Ljava/lang/StringBuffer;Ljava/text/FieldPosition;Ljava/util/List;)Ljava/lang/StringBuffer; @ 234
Event: 8.197 Thread 0x00007f67f0005000 Uncommon trap: reason=bimorphic action=maybe_recompile pc=0x00007f6853218008 method=java.io.FilterInputStream.read([B)I @ 5
Event: 8.266 Thread 0x00007f67f0005000 Uncommon trap: reason=class_check action=maybe_recompile pc=0x00007f6852e6869c method=java.util.jar.JarFile.getJarEntry(Ljava/lang/String;)Ljava/util/jar/JarEntry; @ 2
Event: 8.693 Thread 0x00007f67f0005000 Uncommon trap: reason=unstable_if action=reinterpret pc=0x00007f6852e2e478 method=java.net.URI.appendAuthority(Ljava/lang/StringBuffer;Ljava/lang/String;Ljava/lang/String;Ljava/lang/String;I)V @ 2
Event: 8.736 Thread 0x00007f67f0005000 Uncommon trap: reason=unstable_if action=reinterpret pc=0x00007f685304c3e4 method=org.apache.tomcat.util.bcel.classfile.ClassParser.readClassInfo()V @ 100
Event: 8.736 Thread 0x00007f67f0005000 Uncommon trap: reason=unstable_if action=reinterpret pc=0x00007f6853092d90 method=org.apache.catalina.startup.ContextConfig.populateSCIsForCacheEntry(Lorg/apache/catalina/startup/ContextConfig$JavaClassCacheEntry;)V @ 34

Internal exceptions (10 events):
Event: 8.592 Thread 0x00007f67f0005000 Exception <a 'java/lang/ClassNotFoundException': org/springframework/web/servlet/theme/FixedThemeResolverCustomizer> (0x0000000789b6cf80) thrown at [/HUDSON/workspace/8-2-build-linux-amd64/jdk8u60/4407/hotspot/src/share/vm/classfile/systemDictionary.cpp, 
Event: 8.592 Thread 0x00007f67f0005000 Exception <a 'java/lang/ClassNotFoundException': org/springframework/web/servlet/ThemeResolverCustomizer> (0x0000000789b864d8) thrown at [/HUDSON/workspace/8-2-build-linux-amd64/jdk8u60/4407/hotspot/src/share/vm/classfile/systemDictionary.cpp, line 210]
Event: 8.596 Thread 0x00007f67f0005000 Exception <a 'java/lang/ClassNotFoundException': org/springframework/web/servlet/view/DefaultRequestToViewNameTranslatorBeanInfo> (0x0000000789bdd9a8) thrown at [/HUDSON/workspace/8-2-build-linux-amd64/jdk8u60/4407/hotspot/src/share/vm/classfile/systemDic
Event: 8.597 Thread 0x00007f67f0005000 Exception <a 'java/lang/ClassNotFoundException': org/springframework/web/servlet/view/DefaultRequestToViewNameTranslatorCustomizer> (0x0000000789bf85e0) thrown at [/HUDSON/workspace/8-2-build-linux-amd64/jdk8u60/4407/hotspot/src/share/vm/classfile/systemD
Event: 8.598 Thread 0x00007f67f0005000 Exception <a 'java/lang/ClassNotFoundException': org/springframework/web/servlet/RequestToViewNameTranslatorCustomizer> (0x0000000789c22e18) thrown at [/HUDSON/workspace/8-2-build-linux-amd64/jdk8u60/4407/hotspot/src/share/vm/classfile/systemDictionary.cp
Event: 8.607 Thread 0x00007f67f0005000 Exception <a 'java/lang/ClassNotFoundException': org/springframework/web/servlet/support/SessionFlashMapManagerBeanInfo> (0x0000000789c72f40) thrown at [/HUDSON/workspace/8-2-build-linux-amd64/jdk8u60/4407/hotspot/src/share/vm/classfile/systemDictionary.c
Event: 8.607 Thread 0x00007f67f0005000 Exception <a 'java/lang/ClassNotFoundException': org/springframework/web/servlet/support/AbstractFlashMapManagerBeanInfo> (0x0000000789c8c688) thrown at [/HUDSON/workspace/8-2-build-linux-amd64/jdk8u60/4407/hotspot/src/share/vm/classfile/systemDictionary.
Event: 8.608 Thread 0x00007f67f0005000 Exception <a 'java/lang/ClassNotFoundException': org/springframework/web/servlet/support/AbstractFlashMapManagerCustomizer> (0x0000000789ca5fc8) thrown at [/HUDSON/workspace/8-2-build-linux-amd64/jdk8u60/4407/hotspot/src/share/vm/classfile/systemDictionar
Event: 8.609 Thread 0x00007f67f0005000 Exception <a 'java/lang/ClassNotFoundException': org/springframework/web/servlet/support/SessionFlashMapManagerCustomizer> (0x0000000789cc6db0) thrown at [/HUDSON/workspace/8-2-build-linux-amd64/jdk8u60/4407/hotspot/src/share/vm/classfile/systemDictionary
Event: 8.610 Thread 0x00007f67f0005000 Exception <a 'java/lang/ClassNotFoundException': org/springframework/web/servlet/FlashMapManagerCustomizer> (0x0000000789ce0140) thrown at [/HUDSON/workspace/8-2-build-linux-amd64/jdk8u60/4407/hotspot/src/share/vm/classfile/systemDictionary.cpp, line 210]

Events (10 events):
Event: 9.814 Thread 0x00007f67f0005000 DEOPT UNPACKING pc=0x00007f685298d633 sp=0x00007f684a729a28 mode 1
Event: 10.473 loading class org/springframework/security/web/context/AbstractSecurityWebApplicationInitializer
Event: 10.473 loading class org/springframework/security/web/context/AbstractSecurityWebApplicationInitializer done
Event: 10.473 Thread 0x00007f67f0005000 DEOPT PACKING pc=0x00007f685329b420 sp=0x00007f684a72c710
Event: 10.473 Thread 0x00007f67f0005000 DEOPT UNPACKING pc=0x00007f685298d633 sp=0x00007f684a72c4c0 mode 1
Event: 10.473 Thread 0x00007f67f0005000 DEOPT PACKING pc=0x00007f6853380fe4 sp=0x00007f684a72c810
Event: 10.473 Thread 0x00007f67f0005000 DEOPT UNPACKING pc=0x00007f685298d633 sp=0x00007f684a72c540 mode 1
Event: 10.473 Thread 0x00007f67f0005000 DEOPT PACKING pc=0x00007f6853154794 sp=0x00007f684a72c840
Event: 10.473 Thread 0x00007f67f0005000 DEOPT UNPACKING pc=0x00007f685298d633 sp=0x00007f684a72c6c8 mode 1
Event: 10.494 Executing VM operation: ParallelGCFailedAllocation


Dynamic libraries:
00400000-00401000 r-xp 00000000 08:05 788684                             /home/yasitha/installs/jdk1.8.0_60/bin/java
00600000-00601000 rw-p 00000000 08:05 788684                             /home/yasitha/installs/jdk1.8.0_60/bin/java
01cd0000-02053000 rw-p 00000000 00:00 0                                  [heap]
700000000-715580000 rw-p 00000000 00:00 0 
715580000-780000000 ---p 00000000 00:00 0 
780000000-7a3d80000 rw-p 00000000 00:00 0 
7b5100000-7c0000000 ---p 00000000 00:00 0 
7c0000000-7c05c0000 rw-p 00000000 00:00 0 
7c05c0000-800000000 ---p 00000000 00:00 0 
7f67d0000000-7f67d0021000 rw-p 00000000 00:00 0 
7f67d0021000-7f67d4000000 ---p 00000000 00:00 0 
7f67d4000000-7f67d4021000 rw-p 00000000 00:00 0 
7f67d4021000-7f67d8000000 ---p 00000000 00:00 0 
7f67d8000000-7f67d8e53000 rw-p 00000000 00:00 0 
7f67d8e53000-7f67dc000000 ---p 00000000 00:00 0 
7f67dc000000-7f67dc021000 rw-p 00000000 00:00 0 
7f67dc021000-7f67e0000000 ---p 00000000 00:00 0 
7f67e0000000-7f67e0087000 rw-p 00000000 00:00 0 
7f67e0087000-7f67e4000000 ---p 00000000 00:00 0 
7f67e4000000-7f67e4022000 rw-p 00000000 00:00 0 
7f67e4022000-7f67e8000000 ---p 00000000 00:00 0 
7f67e8000000-7f67e8021000 rw-p 00000000 00:00 0 
7f67e8021000-7f67ec000000 ---p 00000000 00:00 0 
7f67ec000000-7f67ec021000 rw-p 00000000 00:00 0 
7f67ec021000-7f67f0000000 ---p 00000000 00:00 0 
7f67f0000000-7f67f0021000 rw-p 00000000 00:00 0 
7f67f0021000-7f67f4000000 ---p 00000000 00:00 0 
7f67f4000000-7f67f55e6000 rw-p 00000000 00:00 0 
7f67f55e6000-7f67f8000000 ---p 00000000 00:00 0 
7f67f8000000-7f67f8021000 rw-p 00000000 00:00 0 
7f67f8021000-7f67fc000000 ---p 00000000 00:00 0 
7f67fc000000-7f67fc021000 rw-p 00000000 00:00 0 
7f67fc021000-7f6800000000 ---p 00000000 00:00 0 
7f6800000000-7f6800021000 rw-p 00000000 00:00 0 
7f6800021000-7f6804000000 ---p 00000000 00:00 0 
7f6804000000-7f6804021000 rw-p 00000000 00:00 0 
7f6804021000-7f6808000000 ---p 00000000 00:00 0 
7f6808000000-7f6808021000 rw-p 00000000 00:00 0 
7f6808021000-7f680c000000 ---p 00000000 00:00 0 
7f680c000000-7f680c021000 rw-p 00000000 00:00 0 
7f680c021000-7f6810000000 ---p 00000000 00:00 0 
7f6810000000-7f6813b99000 rw-p 00000000 00:00 0 
7f6813b99000-7f6814000000 ---p 00000000 00:00 0 
7f6814000000-7f6814cc0000 rw-p 00000000 00:00 0 
7f6814cc0000-7f6818000000 ---p 00000000 00:00 0 
7f6818000000-7f6818021000 rw-p 00000000 00:00 0 
7f6818021000-7f681c000000 ---p 00000000 00:00 0 
7f681c000000-7f681fffa000 rw-p 00000000 00:00 0 
7f681fffa000-7f6820000000 ---p 00000000 00:00 0 
7f6820000000-7f6820021000 rw-p 00000000 00:00 0 
7f6820021000-7f6824000000 ---p 00000000 00:00 0 
7f6824000000-7f6824021000 rw-p 00000000 00:00 0 
7f6824021000-7f6828000000 ---p 00000000 00:00 0 
7f6828000000-7f6828021000 rw-p 00000000 00:00 0 
7f6828021000-7f682c000000 ---p 00000000 00:00 0 
7f682c000000-7f682c021000 rw-p 00000000 00:00 0 
7f682c021000-7f6830000000 ---p 00000000 00:00 0 
7f6830000000-7f6830021000 rw-p 00000000 00:00 0 
7f6830021000-7f6834000000 ---p 00000000 00:00 0 
7f6836000000-7f683c000000 rw-p 00000000 00:00 0 
7f683c000000-7f683c021000 rw-p 00000000 00:00 0 
7f683c021000-7f6840000000 ---p 00000000 00:00 0 
7f6840000000-7f68402ac000 rw-p 00000000 00:00 0 
7f68402ac000-7f6844000000 ---p 00000000 00:00 0 
7f6844000000-7f6844021000 rw-p 00000000 00:00 0 
7f6844021000-7f6848000000 ---p 00000000 00:00 0 
7f6848063000-7f6848066000 ---p 00000000 00:00 0 
7f6848066000-7f6848164000 rw-p 00000000 00:00 0 
7f6848164000-7f6848167000 ---p 00000000 00:00 0 
7f6848167000-7f6848265000 rw-p 00000000 00:00 0                          [stack:10648]
7f6848265000-7f6848268000 ---p 00000000 00:00 0 
7f6848268000-7f68484a6000 rw-p 00000000 00:00 0                          [stack:10646]
7f68484a6000-7f6848566000 ---p 00000000 00:00 0 
7f6848566000-7f684856c000 r--s 002f8000 08:05 788508                     /home/yasitha/installs/jdk1.8.0_60/jre/lib/charsets.jar
7f684856c000-7f684856f000 ---p 00000000 00:00 0 
7f684856f000-7f684886d000 rw-p 00000000 00:00 0                          [stack:10644]
7f684886d000-7f6848a6d000 rw-p 00000000 00:00 0 
7f6848a6d000-7f6848a70000 ---p 00000000 00:00 0 
7f6848a70000-7f6848d6e000 rw-p 00000000 00:00 0                          [stack:10642]
7f6848d6e000-7f6848f6e000 rw-p 00000000 00:00 0 
7f6848f6e000-7f684916e000 rw-p 00000000 00:00 0 
7f684916e000-7f684936e000 rw-p 00000000 00:00 0 
7f684936e000-7f6849371000 ---p 00000000 00:00 0 
7f6849371000-7f684946f000 rw-p 00000000 00:00 0                          [stack:10639]
7f684946f000-7f6849472000 ---p 00000000 00:00 0 
7f6849472000-7f6849770000 rw-p 00000000 00:00 0                          [stack:10638]
7f6849770000-7f6849970000 rw-p 00000000 00:00 0 
7f6849970000-7f6849b70000 rw-p 00000000 00:00 0 
7f6849b70000-7f6849d70000 rw-p 00000000 00:00 0 
7f6849d70000-7f6849f70000 rw-p 00000000 00:00 0 
7f6849f70000-7f684a170000 rw-p 00000000 00:00 0 
7f684a213000-7f684a231000 r--s 0017b000 08:05 924398                     /home/yasitha/installs/apache-tomcat-7.0.64/webapps/hibernate-ogm/WEB-INF/lib/mongo-java-driver-3.4.2.jar
7f684a255000-7f684a256000 rw-p 00000000 00:00 0 
7f684a256000-7f684a259000 r--s 00009000 08:05 924275                     /home/yasitha/installs/apache-tomcat-7.0.64/webapps/medialink-admin/WEB-INF/lib/validation-api-1.0.0.GA.jar
7f684a259000-7f684a26a000 r--s 000c5000 08:05 924282                     /home/yasitha/installs/apache-tomcat-7.0.64/webapps/medialink-admin/WEB-INF/lib/spring-webmvc-4.2.2.RELEASE.jar
7f684a26a000-7f684a27b000 r--s 000ab000 08:05 924271                     /home/yasitha/installs/apache-tomcat-7.0.64/webapps/medialink-admin/WEB-INF/lib/spring-web-4.2.2.RELEASE.jar
7f684a27b000-7f684a282000 r--s 0003a000 08:05 924169                     /home/yasitha/installs/apache-tomcat-7.0.64/webapps/medialink-admin/WEB-INF/lib/spring-tx-4.2.2.RELEASE.jar
7f684a282000-7f684a28d000 r--s 00053000 08:05 924280                     /home/yasitha/installs/apache-tomcat-7.0.64/webapps/medialink-admin/WEB-INF/lib/spring-security-web-4.2.2.RELEASE.jar
7f684a28d000-7f684a28e000 r--s 00004000 08:05 924167                     /home/yasitha/installs/apache-tomcat-7.0.64/webapps/medialink-admin/WEB-INF/lib/spring-security-taglibs-4.2.2.RELEASE.jar
7f684a28e000-7f684a29a000 r--s 00055000 08:05 924289                     /home/yasitha/installs/apache-tomcat-7.0.64/webapps/medialink-admin/WEB-INF/lib/spring-security-core-4.2.2.RELEASE.jar
7f684a29a000-7f684a2a4000 r--s 00086000 08:05 924273                     /home/yasitha/installs/apache-tomcat-7.0.64/webapps/medialink-admin/WEB-INF/lib/spring-security-config-4.2.2.RELEASE.jar
7f684a2a4000-7f684a2a7000 r--s 00012000 08:05 924268                     /home/yasitha/installs/apache-tomcat-7.0.64/webapps/medialink-admin/WEB-INF/lib/spring-security-acl-4.2.2.RELEASE.jar
7f684a2a7000-7f684a2b1000 r--s 00068000 08:05 924264                     /home/yasitha/installs/apache-tomcat-7.0.64/webapps/medialink-admin/WEB-INF/lib/spring-orm-4.2.2.RELEASE.jar
7f684a2b1000-7f684a2bb000 r--s 0005e000 08:05 924291                     /home/yasitha/installs/apache-tomcat-7.0.64/webapps/medialink-admin/WEB-INF/lib/spring-jdbc-4.2.2.RELEASE.jar
7f684a2bb000-7f684a2c0000 r--s 0003c000 08:05 924259                     /home/yasitha/installs/apache-tomcat-7.0.64/webapps/medialink-admin/WEB-INF/lib/spring-expression-4.2.2.RELEASE.jar
7f684a2c0000-7f684a2d5000 r--s 000f0000 08:05 924239                     /home/yasitha/installs/apache-tomcat-7.0.64/webapps/medialink-admin/WEB-INF/lib/spring-core-4.2.2.RELEASE.jar
7f684a2d5000-7f684a2da000 r--s 00027000 08:05 924254                     /home/yasitha/installs/apache-tomcat-7.0.64/webapps/medialink-admin/WEB-INF/lib/spring-context-support-4.2.2.RELEASE.jar
7f684a2da000-7f684a2f3000 r--s 000f1000 08:05 924245                     /home/yasitha/installs/apache-tomcat-7.0.64/webapps/medialink-admin/WEB-INF/lib/spring-context-4.2.2.RELEASE.jar
7f684a2f3000-7f684a301000 r--s 000a5000 08:05 924269                     /home/yasitha/installs/apache-tomcat-7.0.64/webapps/medialink-admin/WEB-INF/lib/spring-beans-4.2.2.RELEASE.jar
7f684a301000-7f684a30a000 r--s 00051000 08:05 924292                     /home/yasitha/installs/apache-tomcat-7.0.64/webapps/medialink-admin/WEB-INF/lib/spring-aop-4.2.2.RELEASE.jar
7f684a30a000-7f684a30c000 r--s 00005000 08:05 924265                     /home/yasitha/installs/apache-tomcat-7.0.64/webapps/medialink-admin/WEB-INF/lib/slf4j-api-1.6.1.jar
7f684a30c000-7f684a30e000 r--s 00007000 08:05 924166                     /home/yasitha/installs/apache-tomcat-7.0.64/webapps/medialink-admin/WEB-INF/lib/orm-1.0-SNAPSHOT.jar
7f684a30e000-7f684a315000 r--s 000b9000 08:05 924258                     /home/yasitha/installs/apache-tomcat-7.0.64/webapps/medialink-admin/WEB-INF/lib/mysql-connector-java-5.1.15.jar
7f684a315000-7f684a323000 r--s 00080000 08:05 924233                     /home/yasitha/installs/apache-tomcat-7.0.64/webapps/medialink-admin/WEB-INF/lib/mchange-commons-java-0.2.3.4.jar
7f684a323000-7f684a32e000 r--s 00065000 08:05 924237                     /home/yasitha/installs/apache-tomcat-7.0.64/webapps/medialink-admin/WEB-INF/lib/logback-core-1.1.3.jar
7f684a32e000-7f684a334000 r--s 0003f000 08:05 924272                     /home/yasitha/installs/apache-tomcat-7.0.64/webapps/medialink-admin/WEB-INF/lib/logback-classic-1.1.3.jar
7f684a334000-7f684a33e000 r--s 0005c000 08:05 924248                     /home/yasitha/installs/apache-tomcat-7.0.64/webapps/medialink-admin/WEB-INF/lib/jstl-1.2.jar
7f684a33e000-7f684a340000 r--s 00003000 08:05 924276                     /home/yasitha/installs/apache-tomcat-7.0.64/webapps/medialink-admin/WEB-INF/lib/jcl-over-slf4j-1.6.1.jar
7f684a340000-7f684a341000 r--s 00002000 08:05 924286                     /home/yasitha/installs/apache-tomcat-7.0.64/webapps/medialink-admin/WEB-INF/lib/jboss-transaction-api_1.1_spec-1.0.0.Final.jar
7f684a341000-7f684a343000 r--s 0000d000 08:05 924244                     /home/yasitha/installs/apache-tomcat-7.0.64/webapps/medialink-admin/WEB-INF/lib/jboss-logging-3.1.0.GA.jar
7f684a343000-7f684a34c000 r--s 00096000 08:05 924243                     /home/yasitha/installs/apache-tomcat-7.0.64/webapps/medialink-admin/WEB-INF/lib/javassist-3.15.0-GA.jar
7f684a34c000-7f684a34d000 r--s 00006000 08:05 924240                     /home/yasitha/installs/apache-tomcat-7.0.64/webapps/medialink-admin/WEB-INF/lib/jackson-xc-1.9.10.jar
7f684a34d000-7f684a35c000 r--s 000b0000 08:05 924172                     /home/yasitha/installs/apache-tomcat-7.0.64/webapps/medialink-admin/WEB-INF/lib/jackson-mapper-asl-1.9.10.jar
7f684a35c000-7f684a36d000 r--s 000f6000 08:05 924278                     /home/yasitha/installs/apache-tomcat-7.0.64/webapps/medialink-admin/WEB-INF/lib/jackson-databind-2.4.1.1.jar
7f684a36d000-7f684a371000 r--s 00035000 08:05 924281                     /home/yasitha/installs/apache-tomcat-7.0.64/webapps/medialink-admin/WEB-INF/lib/jackson-core-asl-1.9.10.jar
7f684a371000-7f684a375000 r--s 00034000 08:05 924263                     /home/yasitha/installs/apache-tomcat-7.0.64/webapps/medialink-admin/WEB-INF/lib/jackson-core-2.4.1.jar
7f684a375000-7f684a378000 r--s 00007000 08:05 924251                     /home/yasitha/installs/apache-tomcat-7.0.64/webapps/medialink-admin/WEB-INF/lib/jackson-annotations-2.4.0.jar
7f684a378000-7f684a384000 r--s 0006b000 08:05 924285                     /home/yasitha/installs/apache-tomcat-7.0.64/webapps/medialink-admin/WEB-INF/lib/hibernate-validator-4.3.2.Final.jar
7f684a384000-7f684a389000 r--s 00015000 08:05 924260                     /home/yasitha/installs/apache-tomcat-7.0.64/webapps/medialink-admin/WEB-INF/lib/hibernate-jpa-2.0-api-1.0.1.Final.jar
7f684a389000-7f684a3d6000 r--s 003f2000 08:05 924293                     /home/yasitha/installs/apache-tomcat-7.0.64/webapps/medialink-admin/WEB-INF/lib/hibernate-core-4.1.6.Final.jar
7f684a3d6000-7f684a3d9000 r--s 00011000 08:05 924255                     /home/yasitha/installs/apache-tomcat-7.0.64/webapps/medialink-admin/WEB-INF/lib/hibernate-commons-annotations-4.0.1.Final.jar
7f684a3d9000-7f684a3de000 r--s 0002f000 08:05 924242                     /home/yasitha/installs/apache-tomcat-7.0.64/webapps/medialink-admin/WEB-INF/lib/gson-2.3.1.jar
7f684a3de000-7f684a3e3000 r--s 00048000 08:05 924165                     /home/yasitha/installs/apache-tomcat-7.0.64/webapps/medialink-admin/WEB-INF/lib/dom4j-1.6.1.jar
7f684a3e3000-7f684a3e5000 r--s 00004000 08:05 924266                     /home/yasitha/installs/apache-tomcat-7.0.64/webapps/medialink-admin/WEB-INF/lib/core-1.0-SNAPSHOT.jar
7f684a3e5000-7f684a3e9000 r--s 0002b000 08:05 924171                     /home/yasitha/installs/apache-tomcat-7.0.64/webapps/medialink-admin/WEB-INF/lib/commons-validator-1.4.1.jar
7f684a3e9000-7f684a3eb000 r--s 0000e000 08:05 924262                     /home/yasitha/installs/apache-tomcat-7.0.64/webapps/medialink-admin/WEB-INF/lib/commons-logging-1.2.jar
7f684a3eb000-7f684a3f0000 r--s 00041000 08:05 924249                     /home/yasitha/installs/apache-tomcat-7.0.64/webapps/medialink-admin/WEB-INF/lib/commons-lang-2.6.jar
7f684a3f0000-7f684a3f4000 r--s 0002a000 08:05 924250                     /home/yasitha/installs/apache-tomcat-7.0.64/webapps/medialink-admin/WEB-INF/lib/commons-io-2.4.jar
7f684a3f4000-7f684a3f6000 r--s 0000f000 08:05 924270                     /home/yasitha/installs/apache-tomcat-7.0.64/webapps/medialink-admin/WEB-INF/lib/commons-fileupload-1.3.1.jar
7f684a3f6000-7f684a3fa000 r--s 00020000 08:05 924261                     /home/yasitha/installs/apache-tomcat-7.0.64/webapps/medialink-admin/WEB-INF/lib/commons-digester-1.8.1.jar
7f684a3fa000-7f684a3fc000 r--s 00007000 08:05 924162                     /home/yasitha/installs/apache-tomcat-7.0.64/webapps/medialink-admin/WEB-INF/lib/commons-csv-1.0.jar
7f684a3fc000-7f684a40a000 r--s 0007f000 08:05 924253                     /home/yasitha/installs/apache-tomcat-7.0.64/webapps/medialink-admin/WEB-INF/lib/commons-collections-3.2.1.jar
7f684a40a000-7f684a40f000 r--s 00034000 08:05 924252                     /home/yasitha/installs/apache-tomcat-7.0.64/webapps/medialink-admin/WEB-INF/lib/commons-beanutils-1.8.3.jar
7f684a40f000-7f684a416000 r--s 00061000 08:05 924294                     /home/yasitha/installs/apache-tomcat-7.0.64/webapps/medialink-admin/WEB-INF/lib/c3p0-0.9.2.1.jar
7f684a416000-7f684a41b000 r--s 00068000 08:05 924274                     /home/yasitha/installs/apache-tomcat-7.0.64/webapps/medialink-admin/WEB-INF/lib/antlr-2.7.7.jar
7f684a41b000-7f684a42e000 r--s 00344000 08:05 788621                     /home/yasitha/installs/jdk1.8.0_60/jre/lib/resources.jar
7f684a42e000-7f684a62e000 rw-p 00000000 00:00 0 
7f684a62e000-7f684a631000 ---p 00000000 00:00 0 
7f684a631000-7f684a72f000 rw-p 00000000 00:00 0                          [stack:10637]
7f684a72f000-7f684a732000 ---p 00000000 00:00 0 
7f684a732000-7f684a830000 rw-p 00000000 00:00 0                          [stack:10636]
7f684a830000-7f684a836000 r--s 0003f000 08:05 788602                     /home/yasitha/installs/jdk1.8.0_60/jre/lib/ext/sunjce_provider.jar
7f684a836000-7f684a868000 r-xp 00000000 08:05 788534                     /home/yasitha/installs/jdk1.8.0_60/jre/lib/amd64/libsunec.so
7f684a868000-7f684aa67000 ---p 00032000 08:05 788534                     /home/yasitha/installs/jdk1.8.0_60/jre/lib/amd64/libsunec.so
7f684aa67000-7f684aa6d000 rw-p 00031000 08:05 788534                     /home/yasitha/installs/jdk1.8.0_60/jre/lib/amd64/libsunec.so
7f684aa6d000-7f684ac7d000 rw-p 00000000 00:00 0 
7f684ac7d000-7f684ac80000 ---p 00000000 00:00 0 
7f684ac80000-7f684af7e000 rw-p 00000000 00:00 0                          [stack:10634]
7f684af7e000-7f684af7f000 ---p 00000000 00:00 0 
7f684af7f000-7f684b07f000 rw-p 00000000 00:00 0                          [stack:10633]
7f684b07f000-7f684b082000 ---p 00000000 00:00 0 
7f684b082000-7f684b180000 rw-p 00000000 00:00 0                          [stack:10632]
7f684b180000-7f684b183000 ---p 00000000 00:00 0 
7f684b183000-7f684b281000 rw-p 00000000 00:00 0                          [stack:10631]
7f684b281000-7f684b284000 ---p 00000000 00:00 0 
7f684b284000-7f684b382000 rw-p 00000000 00:00 0                          [stack:10630]
7f684b382000-7f684b397000 r-xp 00000000 08:07 1581723                    /usr/lib64/libz.so.1.2.8
7f684b397000-7f684b596000 ---p 00015000 08:07 1581723                    /usr/lib64/libz.so.1.2.8
7f684b596000-7f684b597000 r--p 00014000 08:07 1581723                    /usr/lib64/libz.so.1.2.8
7f684b597000-7f684b598000 rw-p 00015000 08:07 1581723                    /usr/lib64/libz.so.1.2.8
7f684b598000-7f684b5a7000 r-xp 00000000 08:07 1580866                    /usr/lib64/libbz2.so.1.0.6
7f684b5a7000-7f684b7a6000 ---p 0000f000 08:07 1580866                    /usr/lib64/libbz2.so.1.0.6
7f684b7a6000-7f684b7a7000 r--p 0000e000 08:07 1580866                    /usr/lib64/libbz2.so.1.0.6
7f684b7a7000-7f684b7a8000 rw-p 0000f000 08:07 1580866                    /usr/lib64/libbz2.so.1.0.6
7f684b7a8000-7f684b7cd000 r-xp 00000000 08:07 1581261                    /usr/lib64/liblzma.so.5.2.0
7f684b7cd000-7f684b9cc000 ---p 00025000 08:07 1581261                    /usr/lib64/liblzma.so.5.2.0
7f684b9cc000-7f684b9cd000 r--p 00024000 08:07 1581261                    /usr/lib64/liblzma.so.5.2.0
7f684b9cd000-7f684b9ce000 rw-p 00025000 08:07 1581261                    /usr/lib64/liblzma.so.5.2.0
7f684b9ce000-7f684b9e3000 r-xp 00000000 08:07 1580985                    /usr/lib64/libelf-0.161.so
7f684b9e3000-7f684bbe2000 ---p 00015000 08:07 1580985                    /usr/lib64/libelf-0.161.so
7f684bbe2000-7f684bbe3000 r--p 00014000 08:07 1580985                    /usr/lib64/libelf-0.161.so
7f684bbe3000-7f684bbe4000 rw-p 00015000 08:07 1580985                    /usr/lib64/libelf-0.161.so
7f684bbe4000-7f684bbe8000 r-xp 00000000 08:07 1580823                    /usr/lib64/libattr.so.1.1.0
7f684bbe8000-7f684bde7000 ---p 00004000 08:07 1580823                    /usr/lib64/libattr.so.1.1.0
7f684bde7000-7f684bde8000 r--p 00003000 08:07 1580823                    /usr/lib64/libattr.so.1.1.0
7f684bde8000-7f684bde9000 rw-p 00004000 08:07 1580823                    /usr/lib64/libattr.so.1.1.0
7f684bde9000-7f684bdff000 r-xp 00000000 08:07 1584330                    /usr/lib64/libgcc_s-5.3.1-20160406.so.1
7f684bdff000-7f684bffe000 ---p 00016000 08:07 1584330                    /usr/lib64/libgcc_s-5.3.1-20160406.so.1
7f684bffe000-7f684bfff000 r--p 00015000 08:07 1584330                    /usr/lib64/libgcc_s-5.3.1-20160406.so.1
7f684bfff000-7f684c000000 rw-p 00016000 08:07 1584330                    /usr/lib64/libgcc_s-5.3.1-20160406.so.1
7f684c000000-7f684c021000 rw-p 00000000 00:00 0 
7f684c021000-7f6850000000 ---p 00000000 00:00 0 
7f6850000000-7f6850001000 r--s 00004000 08:05 924247                     /home/yasitha/installs/apache-tomcat-7.0.64/webapps/medialink-admin/WEB-INF/lib/jackson-jaxrs-1.9.10.jar
7f6850001000-7f6850003000 r--s 00000000 08:05 924170                     /home/yasitha/installs/apache-tomcat-7.0.64/webapps/medialink-admin/WEB-INF/lib/aopalliance-1.0.jar
7f6850003000-7f6850007000 r--s 0003a000 08:05 788609                     /home/yasitha/installs/jdk1.8.0_60/jre/lib/ext/sunpkcs11.jar
7f6850007000-7f6850008000 r--s 00009000 08:05 788601                     /home/yasitha/installs/jdk1.8.0_60/jre/lib/ext/sunec.jar
7f6850008000-7f685000b000 r--s 0001a000 08:05 788509                     /home/yasitha/installs/jdk1.8.0_60/jre/lib/jce.jar
7f685000b000-7f6850015000 r--s 00116000 08:05 788600                     /home/yasitha/installs/jdk1.8.0_60/jre/lib/ext/localedata.jar
7f6850015000-7f6850031000 r--s 00393000 08:05 788607                     /home/yasitha/installs/jdk1.8.0_60/jre/lib/ext/cldrdata.jar
7f6850031000-7f6850032000 r--s 0000a000 08:05 919144                     /home/yasitha/installs/apache-tomcat-7.0.64/lib/tomcat-i18n-fr.jar
7f6850032000-7f6850035000 r--s 0001c000 08:05 919136                     /home/yasitha/installs/apache-tomcat-7.0.64/lib/jasper-el.jar
7f6850035000-7f6850038000 r--s 00013000 08:05 919138                     /home/yasitha/installs/apache-tomcat-7.0.64/lib/jsp-api.jar
7f6850038000-7f685003a000 r--s 00007000 08:05 919149                     /home/yasitha/installs/apache-tomcat-7.0.64/lib/websocket-api.jar
7f685003a000-7f685003d000 r--s 0002e000 08:05 919139                     /home/yasitha/installs/apache-tomcat-7.0.64/lib/servlet-api.jar
7f685003d000-7f6850042000 r--s 0003b000 08:05 919132                     /home/yasitha/installs/apache-tomcat-7.0.64/lib/catalina-tribes.jar
7f6850042000-7f6850046000 r--s 00030000 08:05 919148                     /home/yasitha/installs/apache-tomcat-7.0.64/lib/tomcat7-websocket.jar
7f6850046000-7f6850058000 r--s 0017e000 08:05 919133                     /home/yasitha/installs/apache-tomcat-7.0.64/lib/catalina.jar
7f6850058000-7f685009d000 r-xp 00000000 08:07 1580971                    /usr/lib64/libdw-0.161.so
7f685009d000-7f685029d000 ---p 00045000 08:07 1580971                    /usr/lib64/libdw-0.161.so
7f685029d000-7f685029f000 r--p 00045000 08:07 1580971                    /usr/lib64/libdw-0.161.so
7f685029f000-7f68502a0000 rw-p 00047000 08:07 1580971                    /usr/lib64/libdw-0.161.so
7f68502a0000-7f68502a4000 r-xp 00000000 08:07 1580878                    /usr/lib64/libcap.so.2.24
7f68502a4000-7f68504a3000 ---p 00004000 08:07 1580878                    /usr/lib64/libcap.so.2.24
7f68504a3000-7f68504a4000 r--p 00003000 08:07 1580878                    /usr/lib64/libcap.so.2.24
7f68504a4000-7f68504a5000 rw-p 00004000 08:07 1580878                    /usr/lib64/libcap.so.2.24
7f68504a5000-7f68504bc000 r-xp 00000000 08:07 1581468                    /usr/lib64/libresolv-2.21.so
7f68504bc000-7f68506bc000 ---p 00017000 08:07 1581468                    /usr/lib64/libresolv-2.21.so
7f68506bc000-7f68506bd000 r--p 00017000 08:07 1581468                    /usr/lib64/libresolv-2.21.so
7f68506bd000-7f68506be000 rw-p 00018000 08:07 1581468                    /usr/lib64/libresolv-2.21.so
7f68506be000-7f68506c0000 rw-p 00000000 00:00 0 
7f68506c0000-7f68506c5000 r-xp 00000000 08:07 1581337                    /usr/lib64/libnss_dns-2.21.so
7f68506c5000-7f68508c5000 ---p 00005000 08:07 1581337                    /usr/lib64/libnss_dns-2.21.so
7f68508c5000-7f68508c6000 r--p 00005000 08:07 1581337                    /usr/lib64/libnss_dns-2.21.so
7f68508c6000-7f68508c7000 rw-p 00006000 08:07 1581337                    /usr/lib64/libnss_dns-2.21.so
7f68508c7000-7f68508c9000 r-xp 00000000 08:07 1581342                    /usr/lib64/libnss_mdns4_minimal.so.2
7f68508c9000-7f6850ac8000 ---p 00002000 08:07 1581342                    /usr/lib64/libnss_mdns4_minimal.so.2
7f6850ac8000-7f6850ac9000 r--p 00001000 08:07 1581342                    /usr/lib64/libnss_mdns4_minimal.so.2
7f6850ac9000-7f6850aca000 rw-p 00002000 08:07 1581342                    /usr/lib64/libnss_mdns4_minimal.so.2
7f6850aca000-7f6850adb000 r-xp 00000000 08:05 788573                     /home/yasitha/installs/jdk1.8.0_60/jre/lib/amd64/libnio.so
7f6850adb000-7f6850cda000 ---p 00011000 08:05 788573                     /home/yasitha/installs/jdk1.8.0_60/jre/lib/amd64/libnio.so
7f6850cda000-7f6850cdb000 rw-p 00010000 08:05 788573                     /home/yasitha/installs/jdk1.8.0_60/jre/lib/amd64/libnio.so
7f6850cdb000-7f6850d0c000 rw-p 00000000 00:00 0 
7f6850d0c000-7f6850d22000 r-xp 00000000 08:05 788547                     /home/yasitha/installs/jdk1.8.0_60/jre/lib/amd64/libnet.so
7f6850d22000-7f6850f22000 ---p 00016000 08:05 788547                     /home/yasitha/installs/jdk1.8.0_60/jre/lib/amd64/libnet.so
7f6850f22000-7f6850f23000 rw-p 00016000 08:05 788547                     /home/yasitha/installs/jdk1.8.0_60/jre/lib/amd64/libnet.so
7f6850f23000-7f6850f2b000 r-xp 00000000 08:05 788533                     /home/yasitha/installs/jdk1.8.0_60/jre/lib/amd64/libmanagement.so
7f6850f2b000-7f685112b000 ---p 00008000 08:05 788533                     /home/yasitha/installs/jdk1.8.0_60/jre/lib/amd64/libmanagement.so
7f685112b000-7f685112c000 rw-p 00008000 08:05 788533                     /home/yasitha/installs/jdk1.8.0_60/jre/lib/amd64/libmanagement.so
7f685112c000-7f685112f000 ---p 00000000 00:00 0 
7f685112f000-7f685122d000 rw-p 00000000 00:00 0                          [stack:10628]
7f685122d000-7f6851230000 ---p 00000000 00:00 0 
7f6851230000-7f685132e000 rw-p 00000000 00:00 0                          [stack:10627]
7f685132e000-7f6851331000 ---p 00000000 00:00 0 
7f6851331000-7f685142f000 rw-p 00000000 00:00 0                          [stack:10626]
7f685142f000-7f6851432000 ---p 00000000 00:00 0 
7f6851432000-7f6851530000 rw-p 00000000 00:00 0                          [stack:10625]
7f6851530000-7f6851533000 ---p 00000000 00:00 0 
7f6851533000-7f6851631000 rw-p 00000000 00:00 0                          [stack:10624]
7f6851631000-7f6851634000 ---p 00000000 00:00 0 
7f6851634000-7f6851732000 rw-p 00000000 00:00 0                          [stack:10623]
7f6851732000-7f6851736000 r-xp 00000000 08:05 788514                     /home/yasitha/installs/jdk1.8.0_60/jre/lib/amd64/libdt_socket.so
7f6851736000-7f6851935000 ---p 00004000 08:05 788514                     /home/yasitha/installs/jdk1.8.0_60/jre/lib/amd64/libdt_socket.so
7f6851935000-7f6851936000 rw-p 00003000 08:05 788514                     /home/yasitha/installs/jdk1.8.0_60/jre/lib/amd64/libdt_socket.so
7f6851936000-7f6851939000 ---p 00000000 00:00 0 
7f6851939000-7f6851a37000 rw-p 00000000 00:00 0                          [stack:10622]
7f6851a37000-7f6851a3a000 ---p 00000000 00:00 0 
7f6851a3a000-7f6851b38000 rw-p 00000000 00:00 0                          [stack:10621]
7f6851b38000-7f6851b3b000 ---p 00000000 00:00 0 
7f6851b3b000-7f6851c39000 rw-p 00000000 00:00 0                          [stack:10620]
7f6851c39000-7f6851c3a000 ---p 00000000 00:00 0 
7f6851c3a000-7f6852946000 rw-p 00000000 00:00 0                          [stack:10619]
7f6852946000-7f6853706000 rwxp 00000000 00:00 0 
7f6853706000-7f6861946000 ---p 00000000 00:00 0 
7f6861946000-7f6868000000 r--p 00000000 08:07 1577962                    /usr/lib/locale/locale-archive
7f6868000000-7f68687da000 rw-p 00000000 00:00 0 
7f68687da000-7f686c000000 ---p 00000000 00:00 0 
7f686c000000-7f686c001000 r--s 00003000 08:05 919129                     /home/yasitha/installs/apache-tomcat-7.0.64/lib/annotations-api.jar
7f686c001000-7f686c002000 r--s 00001000 08:05 919140                     /home/yasitha/installs/apache-tomcat-7.0.64/lib/tomcat-api.jar
7f686c002000-7f686c004000 r--s 0000c000 08:05 919130                     /home/yasitha/installs/apache-tomcat-7.0.64/lib/catalina-ant.jar
7f686c004000-7f686c00b000 r--s 0008c000 08:05 919137                     /home/yasitha/installs/apache-tomcat-7.0.64/lib/jasper.jar
7f686c00b000-7f686c00d000 r--s 0000a000 08:05 919145                     /home/yasitha/installs/apache-tomcat-7.0.64/lib/tomcat-i18n-ja.jar
7f686c00d000-7f686c00f000 r--s 0001e000 08:05 919131                     /home/yasitha/installs/apache-tomcat-7.0.64/lib/catalina-ha.jar
7f686c00f000-7f686c011000 r--s 0000c000 08:05 919135                     /home/yasitha/installs/apache-tomcat-7.0.64/lib/el-api.jar
7f686c011000-7f686c023000 r--s 00223000 08:05 919134                     /home/yasitha/installs/apache-tomcat-7.0.64/lib/ecj-4.4.2.jar
7f686c023000-7f686c41a000 rw-p 00000000 00:00 0 
7f686c41a000-7f686c5f2000 r--s 03d17000 08:05 788591                     /home/yasitha/installs/jdk1.8.0_60/jre/lib/rt.jar
7f686c5f2000-7f686d468000 rw-p 00000000 00:00 0 
7f686d468000-7f686d469000 ---p 00000000 00:00 0 
7f686d469000-7f686d569000 rw-p 00000000 00:00 0                          [stack:10618]
7f686d569000-7f686d56a000 ---p 00000000 00:00 0 
7f686d56a000-7f686d66a000 rw-p 00000000 00:00 0                          [stack:10617]
7f686d66a000-7f686d66b000 ---p 00000000 00:00 0 
7f686d66b000-7f686d76b000 rw-p 00000000 00:00 0                          [stack:10616]
7f686d76b000-7f686d76c000 ---p 00000000 00:00 0 
7f686d76c000-7f686d917000 rw-p 00000000 00:00 0                          [stack:10615]
7f686d917000-7f686dc6c000 ---p 00000000 00:00 0 
7f686dc6c000-7f686dd17000 rw-p 00000000 00:00 0 
7f686dd17000-7f686e06c000 ---p 00000000 00:00 0 
7f686e06c000-7f686e18b000 rw-p 00000000 00:00 0 
7f686e18b000-7f686e26c000 ---p 00000000 00:00 0 
7f686e26c000-7f686e2a4000 rw-p 00000000 00:00 0 
7f686e2a4000-7f686e62d000 ---p 00000000 00:00 0 
7f686e62d000-7f686e647000 r-xp 00000000 08:05 788542                     /home/yasitha/installs/jdk1.8.0_60/jre/lib/amd64/libzip.so
7f686e647000-7f686e847000 ---p 0001a000 08:05 788542                     /home/yasitha/installs/jdk1.8.0_60/jre/lib/amd64/libzip.so
7f686e847000-7f686e848000 rw-p 0001a000 08:05 788542                     /home/yasitha/installs/jdk1.8.0_60/jre/lib/amd64/libzip.so
7f686e848000-7f686e854000 r-xp 00000000 08:07 1581338                    /usr/lib64/libnss_files-2.21.so
7f686e854000-7f686ea53000 ---p 0000c000 08:07 1581338                    /usr/lib64/libnss_files-2.21.so
7f686ea53000-7f686ea54000 r--p 0000b000 08:07 1581338                    /usr/lib64/libnss_files-2.21.so
7f686ea54000-7f686ea55000 rw-p 0000c000 08:07 1581338                    /usr/lib64/libnss_files-2.21.so
7f686ea55000-7f686ea57000 r-xp 00000000 08:05 788524                     /home/yasitha/installs/jdk1.8.0_60/jre/lib/amd64/libnpt.so
7f686ea57000-7f686ec57000 ---p 00002000 08:05 788524                     /home/yasitha/installs/jdk1.8.0_60/jre/lib/amd64/libnpt.so
7f686ec57000-7f686ec58000 rw-p 00002000 08:05 788524                     /home/yasitha/installs/jdk1.8.0_60/jre/lib/amd64/libnpt.so
7f686ec58000-7f686ec91000 r-xp 00000000 08:05 788531                     /home/yasitha/installs/jdk1.8.0_60/jre/lib/amd64/libjdwp.so
7f686ec91000-7f686ee90000 ---p 00039000 08:05 788531                     /home/yasitha/installs/jdk1.8.0_60/jre/lib/amd64/libjdwp.so
7f686ee90000-7f686ee92000 rw-p 00038000 08:05 788531                     /home/yasitha/installs/jdk1.8.0_60/jre/lib/amd64/libjdwp.so
7f686ee92000-7f686eebc000 r-xp 00000000 08:05 788520                     /home/yasitha/installs/jdk1.8.0_60/jre/lib/amd64/libjava.so
7f686eebc000-7f686f0bc000 ---p 0002a000 08:05 788520                     /home/yasitha/installs/jdk1.8.0_60/jre/lib/amd64/libjava.so
7f686f0bc000-7f686f0be000 rw-p 0002a000 08:05 788520                     /home/yasitha/installs/jdk1.8.0_60/jre/lib/amd64/libjava.so
7f686f0be000-7f686f0cb000 r-xp 00000000 08:05 788536                     /home/yasitha/installs/jdk1.8.0_60/jre/lib/amd64/libverify.so
7f686f0cb000-7f686f2cb000 ---p 0000d000 08:05 788536                     /home/yasitha/installs/jdk1.8.0_60/jre/lib/amd64/libverify.so
7f686f2cb000-7f686f2cd000 rw-p 0000d000 08:05 788536                     /home/yasitha/installs/jdk1.8.0_60/jre/lib/amd64/libverify.so
7f686f2cd000-7f686f2d4000 r-xp 00000000 08:07 1581482                    /usr/lib64/librt-2.21.so
7f686f2d4000-7f686f4d3000 ---p 00007000 08:07 1581482                    /usr/lib64/librt-2.21.so
7f686f4d3000-7f686f4d4000 r--p 00006000 08:07 1581482                    /usr/lib64/librt-2.21.so
7f686f4d4000-7f686f4d5000 rw-p 00007000 08:07 1581482                    /usr/lib64/librt-2.21.so
7f686f4d5000-7f686f5dc000 r-xp 00000000 08:07 1581263                    /usr/lib64/libm-2.21.so
7f686f5dc000-7f686f7db000 ---p 00107000 08:07 1581263                    /usr/lib64/libm-2.21.so
7f686f7db000-7f686f7dc000 r--p 00106000 08:07 1581263                    /usr/lib64/libm-2.21.so
7f686f7dc000-7f686f7dd000 rw-p 00107000 08:07 1581263                    /usr/lib64/libm-2.21.so
7f686f7dd000-7f687049b000 r-xp 00000000 08:05 788558                     /home/yasitha/installs/jdk1.8.0_60/jre/lib/amd64/server/libjvm.so
7f687049b000-7f687069a000 ---p 00cbe000 08:05 788558                     /home/yasitha/installs/jdk1.8.0_60/jre/lib/amd64/server/libjvm.so
7f687069a000-7f6870772000 rw-p 00cbd000 08:05 788558                     /home/yasitha/installs/jdk1.8.0_60/jre/lib/amd64/server/libjvm.so
7f6870772000-7f68707b7000 rw-p 00000000 00:00 0 
7f68707b7000-7f687096d000 r-xp 00000000 08:07 1580867                    /usr/lib64/libc-2.21.so
7f687096d000-7f6870b6d000 ---p 001b6000 08:07 1580867                    /usr/lib64/libc-2.21.so
7f6870b6d000-7f6870b71000 r--p 001b6000 08:07 1580867                    /usr/lib64/libc-2.21.so
7f6870b71000-7f6870b73000 rw-p 001ba000 08:07 1580867                    /usr/lib64/libc-2.21.so
7f6870b73000-7f6870b77000 rw-p 00000000 00:00 0 
7f6870b77000-7f6870b7a000 r-xp 00000000 08:07 1580955                    /usr/lib64/libdl-2.21.so
7f6870b7a000-7f6870d79000 ---p 00003000 08:07 1580955                    /usr/lib64/libdl-2.21.so
7f6870d79000-7f6870d7a000 r--p 00002000 08:07 1580955                    /usr/lib64/libdl-2.21.so
7f6870d7a000-7f6870d7b000 rw-p 00003000 08:07 1580955                    /usr/lib64/libdl-2.21.so
7f6870d7b000-7f6870d90000 r-xp 00000000 08:05 787603                     /home/yasitha/installs/jdk1.8.0_60/lib/amd64/jli/libjli.so
7f6870d90000-7f6870f90000 ---p 00015000 08:05 787603                     /home/yasitha/installs/jdk1.8.0_60/lib/amd64/jli/libjli.so
7f6870f90000-7f6870f91000 rw-p 00015000 08:05 787603                     /home/yasitha/installs/jdk1.8.0_60/lib/amd64/jli/libjli.so
7f6870f91000-7f6870fa8000 r-xp 00000000 08:07 1581431                    /usr/lib64/libpthread-2.21.so
7f6870fa8000-7f68711a7000 ---p 00017000 08:07 1581431                    /usr/lib64/libpthread-2.21.so
7f68711a7000-7f68711a8000 r--p 00016000 08:07 1581431                    /usr/lib64/libpthread-2.21.so
7f68711a8000-7f68711a9000 rw-p 00017000 08:07 1581431                    /usr/lib64/libpthread-2.21.so
7f68711a9000-7f68711ad000 rw-p 00000000 00:00 0 
7f68711ad000-7f68711ce000 r-xp 00000000 08:07 1580704                    /usr/lib64/ld-2.21.so
7f68711ce000-7f68711d1000 r--s 0001d000 08:05 919146                     /home/yasitha/installs/apache-tomcat-7.0.64/lib/tomcat-jdbc.jar
7f68711d1000-7f68711d3000 r--s 00010000 08:05 919143                     /home/yasitha/installs/apache-tomcat-7.0.64/lib/tomcat-i18n-es.jar
7f68711d3000-7f68711df000 r--s 000b5000 08:05 919141                     /home/yasitha/installs/apache-tomcat-7.0.64/lib/tomcat-coyote.jar
7f68711df000-7f68711e3000 r--s 00036000 08:05 919142                     /home/yasitha/installs/apache-tomcat-7.0.64/lib/tomcat-dbcp.jar
7f68711e3000-7f68711e7000 r--s 00095000 08:05 788594                     /home/yasitha/installs/jdk1.8.0_60/jre/lib/jsse.jar
7f68711e7000-7f68712a6000 rw-p 00000000 00:00 0 
7f68712a6000-7f68712a9000 ---p 00000000 00:00 0 
7f68712a9000-7f68713ab000 rw-p 00000000 00:00 0                          [stack:10614]
7f68713ab000-7f68713ac000 r--s 00007000 08:05 919147                     /home/yasitha/installs/apache-tomcat-7.0.64/lib/tomcat-util.jar
7f68713ac000-7f68713b9000 r-xp 00000000 08:07 1581346                    /usr/lib64/libnss_myhostname.so.2
7f68713b9000-7f68713bc000 r--p 0000c000 08:07 1581346                    /usr/lib64/libnss_myhostname.so.2
7f68713bc000-7f68713bd000 rw-p 0000f000 08:07 1581346                    /usr/lib64/libnss_myhostname.so.2
7f68713bd000-7f68713bf000 r--s 00008000 08:05 919125                     /home/yasitha/installs/apache-tomcat-7.0.64/bin/tomcat-juli.jar
7f68713bf000-7f68713c0000 r--s 00005000 08:05 919119                     /home/yasitha/installs/apache-tomcat-7.0.64/bin/commons-daemon.jar
7f68713c0000-7f68713c1000 r--s 00006000 08:05 919115                     /home/yasitha/installs/apache-tomcat-7.0.64/bin/bootstrap.jar
7f68713c1000-7f68713c2000 rw-p 00000000 00:00 0 
7f68713c2000-7f68713ca000 rw-s 00000000 00:23 389861                     /tmp/hsperfdata_yasitha/10603
7f68713ca000-7f68713cb000 rw-p 00000000 00:00 0 
7f68713cb000-7f68713cc000 ---p 00000000 00:00 0 
7f68713cc000-7f68713cd000 rw-p 00000000 00:00 0 
7f68713cd000-7f68713ce000 r--p 00020000 08:07 1580704                    /usr/lib64/ld-2.21.so
7f68713ce000-7f68713cf000 rw-p 00021000 08:07 1580704                    /usr/lib64/ld-2.21.so
7f68713cf000-7f68713d0000 rw-p 00000000 00:00 0 
7ffc7c6fd000-7ffc7c71f000 rw-p 00000000 00:00 0                          [stack]
7ffc7c754000-7ffc7c756000 r--p 00000000 00:00 0                          [vvar]
7ffc7c756000-7ffc7c758000 r-xp 00000000 00:00 0                          [vdso]
ffffffffff600000-ffffffffff601000 r-xp 00000000 00:00 0                  [vsyscall]

VM Arguments:
jvm_args: -Djava.util.logging.config.file=/home/yasitha/installs/apache-tomcat-7.0.64/conf/logging.properties -Djava.util.logging.manager=org.apache.juli.ClassLoaderLogManager -Dfile.encoding=UTF-8 -Xms512m -Xmx3072m -XX:PermSize=64m -XX:MaxPermSize=256m -Dcom.sun.management.jmxremote -Dcom.sun.management.jmxremote.port=8999 -Dcom.sun.management.jmxremote.ssl=false -Dcom.sun.management.jmxremote.authenticate=false -Djava.rmi.server.hostname=192.168.1.105 -agentlib:jdwp=transport=dt_socket,address=5005,server=y,suspend=n -Djava.endorsed.dirs=/home/yasitha/installs/apache-tomcat-7.0.64/endorsed -Dcatalina.base=/home/yasitha/installs/apache-tomcat-7.0.64 -Dcatalina.home=/home/yasitha/installs/apache-tomcat-7.0.64 -Djava.io.tmpdir=/home/yasitha/installs/apache-tomcat-7.0.64/temp 
java_command: org.apache.catalina.startup.Bootstrap start
java_class_path (initial): /home/yasitha/installs/apache-tomcat-7.0.64/bin/bootstrap.jar:/home/yasitha/installs/apache-tomcat-7.0.64/bin/tomcat-juli.jar
Launcher Type: SUN_STANDARD

Environment Variables:
PATH=/home/yasitha/installs/apache-ant-1.9.6/bin:/home/yasitha/installs/apache-maven-3.3.3/bin:/home/yasitha/installs/jdk1.8.0_60/bin:/usr/lib64/qt-3.3/bin:/usr/local/bin:/usr/local/sbin:/usr/bin:/usr/sbin:/bin:/sbin:/home/yasitha/.local/bin:/home/yasitha/bin:/home/yasitha/installs/idea-IU-139.659.2/bin:/home/yasitha/installs/apache-cassandra-3.10/bin:/home/yasitha/installs/Sdk/tools:/home/yasitha/installs/Sdk/platform-tools
USERNAME=yasitha
SHELL=/bin/bash
DISPLAY=:1

Signal Handlers:
SIGSEGV: [libjvm.so+0xaba070], sa_mask[0]=11111111011111111101111111111110, sa_flags=SA_RESTART|SA_SIGINFO
SIGBUS: [libjvm.so+0xaba070], sa_mask[0]=11111111011111111101111111111110, sa_flags=SA_RESTART|SA_SIGINFO
SIGFPE: [libjvm.so+0x917630], sa_mask[0]=11111111011111111101111111111110, sa_flags=SA_RESTART|SA_SIGINFO
SIGPIPE: [libjvm.so+0x917630], sa_mask[0]=11111111011111111101111111111110, sa_flags=SA_RESTART|SA_SIGINFO
SIGXFSZ: [libjvm.so+0x917630], sa_mask[0]=11111111011111111101111111111110, sa_flags=SA_RESTART|SA_SIGINFO
SIGILL: [libjvm.so+0x917630], sa_mask[0]=11111111011111111101111111111110, sa_flags=SA_RESTART|SA_SIGINFO
SIGUSR1: SIG_DFL, sa_mask[0]=00000000000000000000000000000000, sa_flags=none
SIGUSR2: [libjvm.so+0x918c60], sa_mask[0]=00000000000000000000000000000000, sa_flags=SA_RESTART|SA_SIGINFO
SIGHUP: [libjvm.so+0x91a060], sa_mask[0]=11111111011111111101111111111110, sa_flags=SA_RESTART|SA_SIGINFO
SIGINT: [libjvm.so+0x91a060], sa_mask[0]=11111111011111111101111111111110, sa_flags=SA_RESTART|SA_SIGINFO
SIGTERM: [libjvm.so+0x91a060], sa_mask[0]=11111111011111111101111111111110, sa_flags=SA_RESTART|SA_SIGINFO
SIGQUIT: [libjvm.so+0x91a060], sa_mask[0]=11111111011111111101111111111110, sa_flags=SA_RESTART|SA_SIGINFO


---------------  S Y S T E M  ---------------

OS:Fedora release 22 (Twenty Two)

uname:Linux 4.0.4-301.fc22.x86_64 #1 SMP Thu May 21 13:10:33 UTC 2015 x86_64
libc:glibc 2.21 NPTL 2.21 
rlimit: STACK 8192k, CORE 0k, NPROC 4096, NOFILE 4096, AS infinity
load average:2.28 1.26 0.93

/proc/meminfo:
MemTotal:        8093536 kB
MemFree:          141332 kB
MemAvailable:     203080 kB
Buffers:            1920 kB
Cached:           574460 kB
SwapCached:            0 kB
Active:          7233164 kB
Inactive:         421116 kB
Active(anon):    7139532 kB
Inactive(anon):   327860 kB
Active(file):      93632 kB
Inactive(file):    93256 kB
Unevictable:          48 kB
Mlocked:              48 kB
SwapTotal:             0 kB
SwapFree:              0 kB
Dirty:              8396 kB
Writeback:             0 kB
AnonPages:       7077944 kB
Mapped:           191964 kB
Shmem:            389464 kB
Slab:             150156 kB
SReclaimable:      87592 kB
SUnreclaim:        62564 kB
KernelStack:       15536 kB
PageTables:        68792 kB
NFS_Unstable:          0 kB
Bounce:                0 kB
WritebackTmp:          0 kB
CommitLimit:     4046768 kB
Committed_AS:   13472196 kB
VmallocTotal:   34359738367 kB
VmallocUsed:      366416 kB
VmallocChunk:   34359274412 kB
HardwareCorrupted:     0 kB
AnonHugePages:         0 kB
HugePages_Total:       0
HugePages_Free:        0
HugePages_Rsvd:        0
HugePages_Surp:        0
Hugepagesize:       2048 kB
DirectMap4k:      185500 kB
DirectMap2M:     8120320 kB
DirectMap1G:     1048576 kB


CPU:total 4 (4 cores per cpu, 1 threads per core) family 6 model 60 stepping 3, cmov, cx8, fxsr, mmx, sse, sse2, sse3, ssse3, sse4.1, sse4.2, popcnt, avx, avx2, aes, clmul, erms, lzcnt, tsc, tscinvbit, bmi1, bmi2

/proc/cpuinfo:
processor	: 0
vendor_id	: GenuineIntel
cpu family	: 6
model		: 60
model name	: Intel(R) Core(TM) i5-4570 CPU @ 3.20GHz
stepping	: 3
microcode	: 0x1c
cpu MHz		: 3349.625
cache size	: 6144 KB
physical id	: 0
siblings	: 4
core id		: 0
cpu cores	: 4
apicid		: 0
initial apicid	: 0
fpu		: yes
fpu_exception	: yes
cpuid level	: 13
wp		: yes
flags		: fpu vme de pse tsc msr pae mce cx8 apic sep mtrr pge mca cmov pat pse36 clflush dts acpi mmx fxsr sse sse2 ss ht tm pbe syscall nx pdpe1gb rdtscp lm constant_tsc arch_perfmon pebs bts rep_good nopl xtopology nonstop_tsc aperfmperf eagerfpu pni pclmulqdq dtes64 monitor ds_cpl vmx smx est tm2 ssse3 fma cx16 xtpr pdcm pcid sse4_1 sse4_2 x2apic movbe popcnt tsc_deadline_timer aes xsave avx f16c rdrand lahf_lm abm ida arat epb pln pts dtherm tpr_shadow vnmi flexpriority ept vpid fsgsbase tsc_adjust bmi1 avx2 smep bmi2 erms invpcid xsaveopt
bugs		:
bogomips	: 6385.69
clflush size	: 64
cache_alignment	: 64
address sizes	: 39 bits physical, 48 bits virtual
power management:

processor	: 1
vendor_id	: GenuineIntel
cpu family	: 6
model		: 60
model name	: Intel(R) Core(TM) i5-4570 CPU @ 3.20GHz
stepping	: 3
microcode	: 0x1c
cpu MHz		: 3540.125
cache size	: 6144 KB
physical id	: 0
siblings	: 4
core id		: 1
cpu cores	: 4
apicid		: 2
initial apicid	: 2
fpu		: yes
fpu_exception	: yes
cpuid level	: 13
wp		: yes
flags		: fpu vme de pse tsc msr pae mce cx8 apic sep mtrr pge mca cmov pat pse36 clflush dts acpi mmx fxsr sse sse2 ss ht tm pbe syscall nx pdpe1gb rdtscp lm constant_tsc arch_perfmon pebs bts rep_good nopl xtopology nonstop_tsc aperfmperf eagerfpu pni pclmulqdq dtes64 monitor ds_cpl vmx smx est tm2 ssse3 fma cx16 xtpr pdcm pcid sse4_1 sse4_2 x2apic movbe popcnt tsc_deadline_timer aes xsave avx f16c rdrand lahf_lm abm ida arat epb pln pts dtherm tpr_shadow vnmi flexpriority ept vpid fsgsbase tsc_adjust bmi1 avx2 smep bmi2 erms invpcid xsaveopt
bugs		:
bogomips	: 6385.69
clflush size	: 64
cache_alignment	: 64
address sizes	: 39 bits physical, 48 bits virtual
power management:

processor	: 2
vendor_id	: GenuineIntel
cpu family	: 6
model		: 60
model name	: Intel(R) Core(TM) i5-4570 CPU @ 3.20GHz
stepping	: 3
microcode	: 0x1c
cpu MHz		: 3205.000
cache size	: 6144 KB
physical id	: 0
siblings	: 4
core id		: 2
cpu cores	: 4
apicid		: 4
initial apicid	: 4
fpu		: yes
fpu_exception	: yes
cpuid level	: 13
wp		: yes
flags		: fpu vme de pse tsc msr pae mce cx8 apic sep mtrr pge mca cmov pat pse36 clflush dts acpi mmx fxsr sse sse2 ss ht tm pbe syscall nx pdpe1gb rdtscp lm constant_tsc arch_perfmon pebs bts rep_good nopl xtopology nonstop_tsc aperfmperf eagerfpu pni pclmulqdq dtes64 monitor ds_cpl vmx smx est tm2 ssse3 fma cx16 xtpr pdcm pcid sse4_1 sse4_2 x2apic movbe popcnt tsc_deadline_timer aes xsave avx f16c rdrand lahf_lm abm ida arat epb pln pts dtherm tpr_shadow vnmi flexpriority ept vpid fsgsbase tsc_adjust bmi1 avx2 smep bmi2 erms invpcid xsaveopt
bugs		:
bogomips	: 6385.69
clflush size	: 64
cache_alignment	: 64
address sizes	: 39 bits physical, 48 bits virtual
power management:

processor	: 3
vendor_id	: GenuineIntel
cpu family	: 6
model		: 60
model name	: Intel(R) Core(TM) i5-4570 CPU @ 3.20GHz
stepping	: 3
microcode	: 0x1c
cpu MHz		: 3308.125
cache size	: 6144 KB
physical id	: 0
siblings	: 4
core id		: 3
cpu cores	: 4
apicid		: 6
initial apicid	: 6
fpu		: yes
fpu_exception	: yes
cpuid level	: 13
wp		: yes
flags		: fpu vme de pse tsc msr pae mce cx8 apic sep mtrr pge mca cmov pat pse36 clflush dts acpi mmx fxsr sse sse2 ss ht tm pbe syscall nx pdpe1gb rdtscp lm constant_tsc arch_perfmon pebs bts rep_good nopl xtopology nonstop_tsc aperfmperf eagerfpu pni pclmulqdq dtes64 monitor ds_cpl vmx smx est tm2 ssse3 fma cx16 xtpr pdcm pcid sse4_1 sse4_2 x2apic movbe popcnt tsc_deadline_timer aes xsave avx f16c rdrand lahf_lm abm ida arat epb pln pts dtherm tpr_shadow vnmi flexpriority ept vpid fsgsbase tsc_adjust bmi1 avx2 smep bmi2 erms invpcid xsaveopt
bugs		:
bogomips	: 6385.69
clflush size	: 64
cache_alignment	: 64
address sizes	: 39 bits physical, 48 bits virtual
power management:



Memory: 4k page, physical 8093536k(141332k free), swap 0k(0k free)

vm_info: Java HotSpot(TM) 64-Bit Server VM (25.60-b23) for linux-amd64 JRE (1.8.0_60-b27), built on Aug  4 2015 12:19:40 by "java_re" with gcc 4.3.0 20080428 (Red Hat 4.3.0-8)

time: Tue May  2 14:38:39 2017
elapsed time: 10 seconds (0d 0h 0m 10s)

